2020-05-01 00:18:20,198 INFO 6851 [egg-schedule]: register schedule /Users/dezhizhang/Documents/project/link/node_modules/_egg-multipart@2.10.2@egg-multipart/app/schedule/clean_tmpdir.js
2020-05-01 00:18:20,198 INFO 6851 [egg-schedule]: register schedule /Users/dezhizhang/Documents/project/link/node_modules/_egg-logrotator@3.1.0@egg-logrotator/app/schedule/clean_log.js
2020-05-01 00:18:20,198 INFO 6851 [egg-schedule]: register schedule /Users/dezhizhang/Documents/project/link/node_modules/_egg-logrotator@3.1.0@egg-logrotator/app/schedule/rotate_by_file.js
2020-05-01 00:41:59,794 INFO 7539 [egg-schedule]: register schedule /Users/dezhizhang/Documents/project/link/node_modules/_egg-multipart@2.10.2@egg-multipart/app/schedule/clean_tmpdir.js
2020-05-01 00:41:59,794 INFO 7539 [egg-schedule]: register schedule /Users/dezhizhang/Documents/project/link/node_modules/_egg-logrotator@3.1.0@egg-logrotator/app/schedule/clean_log.js
2020-05-01 00:41:59,794 INFO 7539 [egg-schedule]: register schedule /Users/dezhizhang/Documents/project/link/node_modules/_egg-logrotator@3.1.0@egg-logrotator/app/schedule/rotate_by_file.js
2020-05-01 00:42:15,739 INFO 7562 [egg-schedule]: register schedule /Users/dezhizhang/Documents/project/link/node_modules/_egg-multipart@2.10.2@egg-multipart/app/schedule/clean_tmpdir.js
2020-05-01 00:42:15,739 INFO 7562 [egg-schedule]: register schedule /Users/dezhizhang/Documents/project/link/node_modules/_egg-logrotator@3.1.0@egg-logrotator/app/schedule/clean_log.js
2020-05-01 00:42:15,739 INFO 7562 [egg-schedule]: register schedule /Users/dezhizhang/Documents/project/link/node_modules/_egg-logrotator@3.1.0@egg-logrotator/app/schedule/rotate_by_file.js
2020-05-01 00:42:18,256 INFO 7571 [egg-schedule]: register schedule /Users/dezhizhang/Documents/project/link/node_modules/_egg-multipart@2.10.2@egg-multipart/app/schedule/clean_tmpdir.js
2020-05-01 00:42:18,256 INFO 7571 [egg-schedule]: register schedule /Users/dezhizhang/Documents/project/link/node_modules/_egg-logrotator@3.1.0@egg-logrotator/app/schedule/clean_log.js
2020-05-01 00:42:18,256 INFO 7571 [egg-schedule]: register schedule /Users/dezhizhang/Documents/project/link/node_modules/_egg-logrotator@3.1.0@egg-logrotator/app/schedule/rotate_by_file.js
2020-05-01 00:42:27,729 INFO 7583 [egg-schedule]: register schedule /Users/dezhizhang/Documents/project/link/node_modules/_egg-multipart@2.10.2@egg-multipart/app/schedule/clean_tmpdir.js
2020-05-01 00:42:27,729 INFO 7583 [egg-schedule]: register schedule /Users/dezhizhang/Documents/project/link/node_modules/_egg-logrotator@3.1.0@egg-logrotator/app/schedule/clean_log.js
2020-05-01 00:42:27,729 INFO 7583 [egg-schedule]: register schedule /Users/dezhizhang/Documents/project/link/node_modules/_egg-logrotator@3.1.0@egg-logrotator/app/schedule/rotate_by_file.js
2020-05-01 00:45:52,934 INFO 7662 [egg-schedule]: register schedule /Users/dezhizhang/Documents/project/link/node_modules/_egg-multipart@2.10.2@egg-multipart/app/schedule/clean_tmpdir.js
2020-05-01 00:45:52,934 INFO 7662 [egg-schedule]: register schedule /Users/dezhizhang/Documents/project/link/node_modules/_egg-logrotator@3.1.0@egg-logrotator/app/schedule/clean_log.js
2020-05-01 00:45:52,934 INFO 7662 [egg-schedule]: register schedule /Users/dezhizhang/Documents/project/link/node_modules/_egg-logrotator@3.1.0@egg-logrotator/app/schedule/rotate_by_file.js
2020-05-01 00:45:58,062 INFO 7672 [egg-schedule]: register schedule /Users/dezhizhang/Documents/project/link/node_modules/_egg-multipart@2.10.2@egg-multipart/app/schedule/clean_tmpdir.js
2020-05-01 00:45:58,062 INFO 7672 [egg-schedule]: register schedule /Users/dezhizhang/Documents/project/link/node_modules/_egg-logrotator@3.1.0@egg-logrotator/app/schedule/clean_log.js
2020-05-01 00:45:58,062 INFO 7672 [egg-schedule]: register schedule /Users/dezhizhang/Documents/project/link/node_modules/_egg-logrotator@3.1.0@egg-logrotator/app/schedule/rotate_by_file.js
2020-05-01 00:46:16,634 INFO 7696 [egg-schedule]: register schedule /Users/dezhizhang/Documents/project/link/node_modules/_egg-multipart@2.10.2@egg-multipart/app/schedule/clean_tmpdir.js
2020-05-01 00:46:16,634 INFO 7696 [egg-schedule]: register schedule /Users/dezhizhang/Documents/project/link/node_modules/_egg-logrotator@3.1.0@egg-logrotator/app/schedule/clean_log.js
2020-05-01 00:46:16,634 INFO 7696 [egg-schedule]: register schedule /Users/dezhizhang/Documents/project/link/node_modules/_egg-logrotator@3.1.0@egg-logrotator/app/schedule/rotate_by_file.js
2020-05-01 00:46:40,481 INFO 7715 [egg-schedule]: register schedule /Users/dezhizhang/Documents/project/link/node_modules/_egg-multipart@2.10.2@egg-multipart/app/schedule/clean_tmpdir.js
2020-05-01 00:46:40,481 INFO 7715 [egg-schedule]: register schedule /Users/dezhizhang/Documents/project/link/node_modules/_egg-logrotator@3.1.0@egg-logrotator/app/schedule/clean_log.js
2020-05-01 00:46:40,481 INFO 7715 [egg-schedule]: register schedule /Users/dezhizhang/Documents/project/link/node_modules/_egg-logrotator@3.1.0@egg-logrotator/app/schedule/rotate_by_file.js
2020-05-01 00:47:01,395 INFO 7738 [egg-schedule]: register schedule /Users/dezhizhang/Documents/project/link/node_modules/_egg-multipart@2.10.2@egg-multipart/app/schedule/clean_tmpdir.js
2020-05-01 00:47:01,395 INFO 7738 [egg-schedule]: register schedule /Users/dezhizhang/Documents/project/link/node_modules/_egg-logrotator@3.1.0@egg-logrotator/app/schedule/clean_log.js
2020-05-01 00:47:01,395 INFO 7738 [egg-schedule]: register schedule /Users/dezhizhang/Documents/project/link/node_modules/_egg-logrotator@3.1.0@egg-logrotator/app/schedule/rotate_by_file.js
2020-05-01 00:53:05,929 INFO 7943 [egg-schedule]: register schedule /Users/dezhizhang/Documents/project/link/node_modules/_egg-multipart@2.10.2@egg-multipart/app/schedule/clean_tmpdir.js
2020-05-01 00:53:05,929 INFO 7943 [egg-schedule]: register schedule /Users/dezhizhang/Documents/project/link/node_modules/_egg-logrotator@3.1.0@egg-logrotator/app/schedule/clean_log.js
2020-05-01 00:53:05,929 INFO 7943 [egg-schedule]: register schedule /Users/dezhizhang/Documents/project/link/node_modules/_egg-logrotator@3.1.0@egg-logrotator/app/schedule/rotate_by_file.js
2020-05-01 01:10:05,514 INFO 8620 [egg-schedule]: register schedule /Users/dezhizhang/Documents/project/link/node_modules/_egg-multipart@2.10.2@egg-multipart/app/schedule/clean_tmpdir.js
2020-05-01 01:10:05,514 INFO 8620 [egg-schedule]: register schedule /Users/dezhizhang/Documents/project/link/node_modules/_egg-logrotator@3.1.0@egg-logrotator/app/schedule/clean_log.js
2020-05-01 01:10:05,514 INFO 8620 [egg-schedule]: register schedule /Users/dezhizhang/Documents/project/link/node_modules/_egg-logrotator@3.1.0@egg-logrotator/app/schedule/rotate_by_file.js
2020-05-01 01:10:07,759 INFO 8630 [egg-schedule]: register schedule /Users/dezhizhang/Documents/project/link/node_modules/_egg-multipart@2.10.2@egg-multipart/app/schedule/clean_tmpdir.js
2020-05-01 01:10:07,759 INFO 8630 [egg-schedule]: register schedule /Users/dezhizhang/Documents/project/link/node_modules/_egg-logrotator@3.1.0@egg-logrotator/app/schedule/clean_log.js
2020-05-01 01:10:07,759 INFO 8630 [egg-schedule]: register schedule /Users/dezhizhang/Documents/project/link/node_modules/_egg-logrotator@3.1.0@egg-logrotator/app/schedule/rotate_by_file.js
2020-05-01 01:11:55,194 INFO 8684 [egg-schedule]: register schedule /Users/dezhizhang/Documents/project/link/node_modules/_egg-multipart@2.10.2@egg-multipart/app/schedule/clean_tmpdir.js
2020-05-01 01:11:55,194 INFO 8684 [egg-schedule]: register schedule /Users/dezhizhang/Documents/project/link/node_modules/_egg-logrotator@3.1.0@egg-logrotator/app/schedule/clean_log.js
2020-05-01 01:11:55,194 INFO 8684 [egg-schedule]: register schedule /Users/dezhizhang/Documents/project/link/node_modules/_egg-logrotator@3.1.0@egg-logrotator/app/schedule/rotate_by_file.js
2020-05-01 01:18:09,830 INFO 8833 [egg-schedule]: register schedule /Users/dezhizhang/Documents/project/link/node_modules/_egg-multipart@2.10.2@egg-multipart/app/schedule/clean_tmpdir.js
2020-05-01 01:18:09,830 INFO 8833 [egg-schedule]: register schedule /Users/dezhizhang/Documents/project/link/node_modules/_egg-logrotator@3.1.0@egg-logrotator/app/schedule/clean_log.js
2020-05-01 01:18:09,830 INFO 8833 [egg-schedule]: register schedule /Users/dezhizhang/Documents/project/link/node_modules/_egg-logrotator@3.1.0@egg-logrotator/app/schedule/rotate_by_file.js
2020-05-01 01:18:18,167 INFO 8853 [egg-schedule]: register schedule /Users/dezhizhang/Documents/project/link/node_modules/_egg-multipart@2.10.2@egg-multipart/app/schedule/clean_tmpdir.js
2020-05-01 01:18:18,167 INFO 8853 [egg-schedule]: register schedule /Users/dezhizhang/Documents/project/link/node_modules/_egg-logrotator@3.1.0@egg-logrotator/app/schedule/clean_log.js
2020-05-01 01:18:18,167 INFO 8853 [egg-schedule]: register schedule /Users/dezhizhang/Documents/project/link/node_modules/_egg-logrotator@3.1.0@egg-logrotator/app/schedule/rotate_by_file.js
2020-05-01 10:02:50,307 INFO 815 [egg-schedule]: register schedule /Users/dezhizhang/Documents/project/link/node_modules/_egg-multipart@2.10.2@egg-multipart/app/schedule/clean_tmpdir.js
2020-05-01 10:02:50,307 INFO 815 [egg-schedule]: register schedule /Users/dezhizhang/Documents/project/link/node_modules/_egg-logrotator@3.1.0@egg-logrotator/app/schedule/clean_log.js
2020-05-01 10:02:50,307 INFO 815 [egg-schedule]: register schedule /Users/dezhizhang/Documents/project/link/node_modules/_egg-logrotator@3.1.0@egg-logrotator/app/schedule/rotate_by_file.js
2020-05-01 10:04:38,569 INFO 889 [egg-schedule]: register schedule /Users/dezhizhang/Documents/project/link/node_modules/_egg-multipart@2.10.2@egg-multipart/app/schedule/clean_tmpdir.js
2020-05-01 10:04:38,569 INFO 889 [egg-schedule]: register schedule /Users/dezhizhang/Documents/project/link/node_modules/_egg-logrotator@3.1.0@egg-logrotator/app/schedule/clean_log.js
2020-05-01 10:04:38,569 INFO 889 [egg-schedule]: register schedule /Users/dezhizhang/Documents/project/link/node_modules/_egg-logrotator@3.1.0@egg-logrotator/app/schedule/rotate_by_file.js
2020-05-01 10:04:38,972 INFO 885 [Timer] /Users/dezhizhang/Documents/project/link/node_modules/_egg-multipart@2.10.2@egg-multipart/app/schedule/clean_tmpdir.js next time will execute after 66321030ms at 2020-05-02 04:30:00.002
2020-05-01 10:04:38,973 INFO 885 [Timer] /Users/dezhizhang/Documents/project/link/node_modules/_egg-logrotator@3.1.0@egg-logrotator/app/schedule/clean_log.js next time will execute after 50121028ms at 2020-05-02 00:00:00.001
2020-05-01 10:04:38,973 INFO 885 [Timer] /Users/dezhizhang/Documents/project/link/node_modules/_egg-logrotator@3.1.0@egg-logrotator/app/schedule/rotate_by_file.js next time will execute after 50122027ms at 2020-05-02 00:00:01.000
2020-05-01 10:25:32,967 INFO 1467 [egg-schedule]: register schedule /Users/dezhizhang/Documents/project/link/node_modules/_egg-multipart@2.10.2@egg-multipart/app/schedule/clean_tmpdir.js
2020-05-01 10:25:32,967 INFO 1467 [egg-schedule]: register schedule /Users/dezhizhang/Documents/project/link/node_modules/_egg-logrotator@3.1.0@egg-logrotator/app/schedule/clean_log.js
2020-05-01 10:25:32,967 INFO 1467 [egg-schedule]: register schedule /Users/dezhizhang/Documents/project/link/node_modules/_egg-logrotator@3.1.0@egg-logrotator/app/schedule/rotate_by_file.js
2020-05-01 11:15:01,896 INFO 2845 [egg-schedule]: register schedule /Users/dezhizhang/Documents/project/link/node_modules/_egg-multipart@2.10.2@egg-multipart/app/schedule/clean_tmpdir.js
2020-05-01 11:15:01,896 INFO 2845 [egg-schedule]: register schedule /Users/dezhizhang/Documents/project/link/node_modules/_egg-logrotator@3.1.0@egg-logrotator/app/schedule/clean_log.js
2020-05-01 11:15:01,896 INFO 2845 [egg-schedule]: register schedule /Users/dezhizhang/Documents/project/link/node_modules/_egg-logrotator@3.1.0@egg-logrotator/app/schedule/rotate_by_file.js
2020-05-01 11:15:18,183 INFO 2869 [egg-schedule]: register schedule /Users/dezhizhang/Documents/project/link/node_modules/_egg-multipart@2.10.2@egg-multipart/app/schedule/clean_tmpdir.js
2020-05-01 11:15:18,183 INFO 2869 [egg-schedule]: register schedule /Users/dezhizhang/Documents/project/link/node_modules/_egg-logrotator@3.1.0@egg-logrotator/app/schedule/clean_log.js
2020-05-01 11:15:18,183 INFO 2869 [egg-schedule]: register schedule /Users/dezhizhang/Documents/project/link/node_modules/_egg-logrotator@3.1.0@egg-logrotator/app/schedule/rotate_by_file.js
2020-05-01 11:15:33,726 INFO 2892 [egg-schedule]: register schedule /Users/dezhizhang/Documents/project/link/node_modules/_egg-multipart@2.10.2@egg-multipart/app/schedule/clean_tmpdir.js
2020-05-01 11:15:33,726 INFO 2892 [egg-schedule]: register schedule /Users/dezhizhang/Documents/project/link/node_modules/_egg-logrotator@3.1.0@egg-logrotator/app/schedule/clean_log.js
2020-05-01 11:15:33,726 INFO 2892 [egg-schedule]: register schedule /Users/dezhizhang/Documents/project/link/node_modules/_egg-logrotator@3.1.0@egg-logrotator/app/schedule/rotate_by_file.js
2020-05-01 11:15:38,142 INFO 2902 [egg-schedule]: register schedule /Users/dezhizhang/Documents/project/link/node_modules/_egg-multipart@2.10.2@egg-multipart/app/schedule/clean_tmpdir.js
2020-05-01 11:15:38,142 INFO 2902 [egg-schedule]: register schedule /Users/dezhizhang/Documents/project/link/node_modules/_egg-logrotator@3.1.0@egg-logrotator/app/schedule/clean_log.js
2020-05-01 11:15:38,142 INFO 2902 [egg-schedule]: register schedule /Users/dezhizhang/Documents/project/link/node_modules/_egg-logrotator@3.1.0@egg-logrotator/app/schedule/rotate_by_file.js
2020-05-01 11:15:50,409 INFO 2927 [egg-schedule]: register schedule /Users/dezhizhang/Documents/project/link/node_modules/_egg-multipart@2.10.2@egg-multipart/app/schedule/clean_tmpdir.js
2020-05-01 11:15:50,409 INFO 2927 [egg-schedule]: register schedule /Users/dezhizhang/Documents/project/link/node_modules/_egg-logrotator@3.1.0@egg-logrotator/app/schedule/clean_log.js
2020-05-01 11:15:50,409 INFO 2927 [egg-schedule]: register schedule /Users/dezhizhang/Documents/project/link/node_modules/_egg-logrotator@3.1.0@egg-logrotator/app/schedule/rotate_by_file.js
2020-05-01 11:17:37,322 INFO 2985 [egg-schedule]: register schedule /Users/dezhizhang/Documents/project/link/node_modules/_egg-multipart@2.10.2@egg-multipart/app/schedule/clean_tmpdir.js
2020-05-01 11:17:37,322 INFO 2985 [egg-schedule]: register schedule /Users/dezhizhang/Documents/project/link/node_modules/_egg-logrotator@3.1.0@egg-logrotator/app/schedule/clean_log.js
2020-05-01 11:17:37,322 INFO 2985 [egg-schedule]: register schedule /Users/dezhizhang/Documents/project/link/node_modules/_egg-logrotator@3.1.0@egg-logrotator/app/schedule/rotate_by_file.js
2020-05-01 11:21:50,479 INFO 3138 [egg-schedule]: register schedule /Users/dezhizhang/Documents/project/link/node_modules/_egg-multipart@2.10.2@egg-multipart/app/schedule/clean_tmpdir.js
2020-05-01 11:21:50,479 INFO 3138 [egg-schedule]: register schedule /Users/dezhizhang/Documents/project/link/node_modules/_egg-logrotator@3.1.0@egg-logrotator/app/schedule/clean_log.js
2020-05-01 11:21:50,479 INFO 3138 [egg-schedule]: register schedule /Users/dezhizhang/Documents/project/link/node_modules/_egg-logrotator@3.1.0@egg-logrotator/app/schedule/rotate_by_file.js
2020-05-01 11:38:36,301 INFO 3707 [egg-schedule]: register schedule /Users/dezhizhang/Documents/project/link/node_modules/_egg-multipart@2.10.2@egg-multipart/app/schedule/clean_tmpdir.js
2020-05-01 11:38:36,301 INFO 3707 [egg-schedule]: register schedule /Users/dezhizhang/Documents/project/link/node_modules/_egg-logrotator@3.1.0@egg-logrotator/app/schedule/clean_log.js
2020-05-01 11:38:36,301 INFO 3707 [egg-schedule]: register schedule /Users/dezhizhang/Documents/project/link/node_modules/_egg-logrotator@3.1.0@egg-logrotator/app/schedule/rotate_by_file.js
2020-05-01 11:38:46,870 INFO 3727 [egg-schedule]: register schedule /Users/dezhizhang/Documents/project/link/node_modules/_egg-multipart@2.10.2@egg-multipart/app/schedule/clean_tmpdir.js
2020-05-01 11:38:46,870 INFO 3727 [egg-schedule]: register schedule /Users/dezhizhang/Documents/project/link/node_modules/_egg-logrotator@3.1.0@egg-logrotator/app/schedule/clean_log.js
2020-05-01 11:38:46,870 INFO 3727 [egg-schedule]: register schedule /Users/dezhizhang/Documents/project/link/node_modules/_egg-logrotator@3.1.0@egg-logrotator/app/schedule/rotate_by_file.js
2020-05-01 11:38:48,515 INFO 3736 [egg-schedule]: register schedule /Users/dezhizhang/Documents/project/link/node_modules/_egg-multipart@2.10.2@egg-multipart/app/schedule/clean_tmpdir.js
2020-05-01 11:38:48,515 INFO 3736 [egg-schedule]: register schedule /Users/dezhizhang/Documents/project/link/node_modules/_egg-logrotator@3.1.0@egg-logrotator/app/schedule/clean_log.js
2020-05-01 11:38:48,515 INFO 3736 [egg-schedule]: register schedule /Users/dezhizhang/Documents/project/link/node_modules/_egg-logrotator@3.1.0@egg-logrotator/app/schedule/rotate_by_file.js
2020-05-01 11:39:19,363 INFO 3754 [egg-schedule]: register schedule /Users/dezhizhang/Documents/project/link/node_modules/_egg-multipart@2.10.2@egg-multipart/app/schedule/clean_tmpdir.js
2020-05-01 11:39:19,363 INFO 3754 [egg-schedule]: register schedule /Users/dezhizhang/Documents/project/link/node_modules/_egg-logrotator@3.1.0@egg-logrotator/app/schedule/clean_log.js
2020-05-01 11:39:19,363 INFO 3754 [egg-schedule]: register schedule /Users/dezhizhang/Documents/project/link/node_modules/_egg-logrotator@3.1.0@egg-logrotator/app/schedule/rotate_by_file.js
2020-05-01 11:39:30,223 INFO 3777 [egg-schedule]: register schedule /Users/dezhizhang/Documents/project/link/node_modules/_egg-multipart@2.10.2@egg-multipart/app/schedule/clean_tmpdir.js
2020-05-01 11:39:30,223 INFO 3777 [egg-schedule]: register schedule /Users/dezhizhang/Documents/project/link/node_modules/_egg-logrotator@3.1.0@egg-logrotator/app/schedule/clean_log.js
2020-05-01 11:39:30,223 INFO 3777 [egg-schedule]: register schedule /Users/dezhizhang/Documents/project/link/node_modules/_egg-logrotator@3.1.0@egg-logrotator/app/schedule/rotate_by_file.js
2020-05-01 11:39:39,701 INFO 3795 [egg-schedule]: register schedule /Users/dezhizhang/Documents/project/link/node_modules/_egg-multipart@2.10.2@egg-multipart/app/schedule/clean_tmpdir.js
2020-05-01 11:39:39,701 INFO 3795 [egg-schedule]: register schedule /Users/dezhizhang/Documents/project/link/node_modules/_egg-logrotator@3.1.0@egg-logrotator/app/schedule/clean_log.js
2020-05-01 11:39:39,701 INFO 3795 [egg-schedule]: register schedule /Users/dezhizhang/Documents/project/link/node_modules/_egg-logrotator@3.1.0@egg-logrotator/app/schedule/rotate_by_file.js
2020-05-01 11:41:27,949 INFO 3883 [egg-schedule]: register schedule /Users/dezhizhang/Documents/project/link/node_modules/_egg-multipart@2.10.2@egg-multipart/app/schedule/clean_tmpdir.js
2020-05-01 11:41:27,949 INFO 3883 [egg-schedule]: register schedule /Users/dezhizhang/Documents/project/link/node_modules/_egg-logrotator@3.1.0@egg-logrotator/app/schedule/clean_log.js
2020-05-01 11:41:27,949 INFO 3883 [egg-schedule]: register schedule /Users/dezhizhang/Documents/project/link/node_modules/_egg-logrotator@3.1.0@egg-logrotator/app/schedule/rotate_by_file.js
2020-05-01 12:31:31,550 INFO 5625 [egg-schedule]: register schedule /Users/dezhizhang/Documents/project/link/node_modules/_egg-multipart@2.10.2@egg-multipart/app/schedule/clean_tmpdir.js
2020-05-01 12:31:31,550 INFO 5625 [egg-schedule]: register schedule /Users/dezhizhang/Documents/project/link/node_modules/_egg-logrotator@3.1.0@egg-logrotator/app/schedule/clean_log.js
2020-05-01 12:31:31,550 INFO 5625 [egg-schedule]: register schedule /Users/dezhizhang/Documents/project/link/node_modules/_egg-logrotator@3.1.0@egg-logrotator/app/schedule/rotate_by_file.js
2020-05-01 12:31:38,761 INFO 5649 [egg-schedule]: register schedule /Users/dezhizhang/Documents/project/link/node_modules/_egg-multipart@2.10.2@egg-multipart/app/schedule/clean_tmpdir.js
2020-05-01 12:31:38,761 INFO 5649 [egg-schedule]: register schedule /Users/dezhizhang/Documents/project/link/node_modules/_egg-logrotator@3.1.0@egg-logrotator/app/schedule/clean_log.js
2020-05-01 12:31:38,761 INFO 5649 [egg-schedule]: register schedule /Users/dezhizhang/Documents/project/link/node_modules/_egg-logrotator@3.1.0@egg-logrotator/app/schedule/rotate_by_file.js
2020-05-01 12:32:15,632 INFO 5687 [egg-schedule]: register schedule /Users/dezhizhang/Documents/project/link/node_modules/_egg-multipart@2.10.2@egg-multipart/app/schedule/clean_tmpdir.js
2020-05-01 12:32:15,632 INFO 5687 [egg-schedule]: register schedule /Users/dezhizhang/Documents/project/link/node_modules/_egg-logrotator@3.1.0@egg-logrotator/app/schedule/clean_log.js
2020-05-01 12:32:15,632 INFO 5687 [egg-schedule]: register schedule /Users/dezhizhang/Documents/project/link/node_modules/_egg-logrotator@3.1.0@egg-logrotator/app/schedule/rotate_by_file.js
2020-05-01 12:32:26,857 INFO 5708 [egg-schedule]: register schedule /Users/dezhizhang/Documents/project/link/node_modules/_egg-multipart@2.10.2@egg-multipart/app/schedule/clean_tmpdir.js
2020-05-01 12:32:26,857 INFO 5708 [egg-schedule]: register schedule /Users/dezhizhang/Documents/project/link/node_modules/_egg-logrotator@3.1.0@egg-logrotator/app/schedule/clean_log.js
2020-05-01 12:32:26,857 INFO 5708 [egg-schedule]: register schedule /Users/dezhizhang/Documents/project/link/node_modules/_egg-logrotator@3.1.0@egg-logrotator/app/schedule/rotate_by_file.js
2020-05-01 12:32:31,759 INFO 5717 [egg-schedule]: register schedule /Users/dezhizhang/Documents/project/link/node_modules/_egg-multipart@2.10.2@egg-multipart/app/schedule/clean_tmpdir.js
2020-05-01 12:32:31,759 INFO 5717 [egg-schedule]: register schedule /Users/dezhizhang/Documents/project/link/node_modules/_egg-logrotator@3.1.0@egg-logrotator/app/schedule/clean_log.js
2020-05-01 12:32:31,759 INFO 5717 [egg-schedule]: register schedule /Users/dezhizhang/Documents/project/link/node_modules/_egg-logrotator@3.1.0@egg-logrotator/app/schedule/rotate_by_file.js
2020-05-01 12:33:46,662 INFO 5759 [egg-schedule]: register schedule /Users/dezhizhang/Documents/project/link/node_modules/_egg-multipart@2.10.2@egg-multipart/app/schedule/clean_tmpdir.js
2020-05-01 12:33:46,662 INFO 5759 [egg-schedule]: register schedule /Users/dezhizhang/Documents/project/link/node_modules/_egg-logrotator@3.1.0@egg-logrotator/app/schedule/clean_log.js
2020-05-01 12:33:46,662 INFO 5759 [egg-schedule]: register schedule /Users/dezhizhang/Documents/project/link/node_modules/_egg-logrotator@3.1.0@egg-logrotator/app/schedule/rotate_by_file.js
2020-05-01 12:35:47,104 INFO 5814 [egg-schedule]: register schedule /Users/dezhizhang/Documents/project/link/node_modules/_egg-multipart@2.10.2@egg-multipart/app/schedule/clean_tmpdir.js
2020-05-01 12:35:47,104 INFO 5814 [egg-schedule]: register schedule /Users/dezhizhang/Documents/project/link/node_modules/_egg-logrotator@3.1.0@egg-logrotator/app/schedule/clean_log.js
2020-05-01 12:35:47,104 INFO 5814 [egg-schedule]: register schedule /Users/dezhizhang/Documents/project/link/node_modules/_egg-logrotator@3.1.0@egg-logrotator/app/schedule/rotate_by_file.js
2020-05-01 12:36:52,978 INFO 5882 [egg-schedule]: register schedule /Users/dezhizhang/Documents/project/link/node_modules/_egg-multipart@2.10.2@egg-multipart/app/schedule/clean_tmpdir.js
2020-05-01 12:36:52,978 INFO 5882 [egg-schedule]: register schedule /Users/dezhizhang/Documents/project/link/node_modules/_egg-logrotator@3.1.0@egg-logrotator/app/schedule/clean_log.js
2020-05-01 12:36:52,978 INFO 5882 [egg-schedule]: register schedule /Users/dezhizhang/Documents/project/link/node_modules/_egg-logrotator@3.1.0@egg-logrotator/app/schedule/rotate_by_file.js
2020-05-01 12:38:04,763 INFO 5939 [egg-schedule]: register schedule /Users/dezhizhang/Documents/project/link/node_modules/_egg-multipart@2.10.2@egg-multipart/app/schedule/clean_tmpdir.js
2020-05-01 12:38:04,763 INFO 5939 [egg-schedule]: register schedule /Users/dezhizhang/Documents/project/link/node_modules/_egg-logrotator@3.1.0@egg-logrotator/app/schedule/clean_log.js
2020-05-01 12:38:04,763 INFO 5939 [egg-schedule]: register schedule /Users/dezhizhang/Documents/project/link/node_modules/_egg-logrotator@3.1.0@egg-logrotator/app/schedule/rotate_by_file.js
2020-05-01 12:39:00,942 INFO 5981 [egg-schedule]: register schedule /Users/dezhizhang/Documents/project/link/node_modules/_egg-multipart@2.10.2@egg-multipart/app/schedule/clean_tmpdir.js
2020-05-01 12:39:00,942 INFO 5981 [egg-schedule]: register schedule /Users/dezhizhang/Documents/project/link/node_modules/_egg-logrotator@3.1.0@egg-logrotator/app/schedule/clean_log.js
2020-05-01 12:39:00,942 INFO 5981 [egg-schedule]: register schedule /Users/dezhizhang/Documents/project/link/node_modules/_egg-logrotator@3.1.0@egg-logrotator/app/schedule/rotate_by_file.js
2020-05-01 12:39:02,406 INFO 5982 [egg-schedule]: register schedule /Users/dezhizhang/Documents/project/link/node_modules/_egg-multipart@2.10.2@egg-multipart/app/schedule/clean_tmpdir.js
2020-05-01 12:39:02,406 INFO 5982 [egg-schedule]: register schedule /Users/dezhizhang/Documents/project/link/node_modules/_egg-logrotator@3.1.0@egg-logrotator/app/schedule/clean_log.js
2020-05-01 12:39:02,406 INFO 5982 [egg-schedule]: register schedule /Users/dezhizhang/Documents/project/link/node_modules/_egg-logrotator@3.1.0@egg-logrotator/app/schedule/rotate_by_file.js
2020-05-01 12:40:34,488 INFO 6038 [egg-schedule]: register schedule /Users/dezhizhang/Documents/project/link/node_modules/_egg-multipart@2.10.2@egg-multipart/app/schedule/clean_tmpdir.js
2020-05-01 12:40:34,488 INFO 6038 [egg-schedule]: register schedule /Users/dezhizhang/Documents/project/link/node_modules/_egg-logrotator@3.1.0@egg-logrotator/app/schedule/clean_log.js
2020-05-01 12:40:34,488 INFO 6038 [egg-schedule]: register schedule /Users/dezhizhang/Documents/project/link/node_modules/_egg-logrotator@3.1.0@egg-logrotator/app/schedule/rotate_by_file.js
2020-05-01 12:40:35,976 INFO 6047 [egg-schedule]: register schedule /Users/dezhizhang/Documents/project/link/node_modules/_egg-multipart@2.10.2@egg-multipart/app/schedule/clean_tmpdir.js
2020-05-01 12:40:35,976 INFO 6047 [egg-schedule]: register schedule /Users/dezhizhang/Documents/project/link/node_modules/_egg-logrotator@3.1.0@egg-logrotator/app/schedule/clean_log.js
2020-05-01 12:40:35,976 INFO 6047 [egg-schedule]: register schedule /Users/dezhizhang/Documents/project/link/node_modules/_egg-logrotator@3.1.0@egg-logrotator/app/schedule/rotate_by_file.js
2020-05-01 15:39:30,905 INFO 9306 [egg-schedule]: register schedule /Users/dezhizhang/Documents/project/link/node_modules/_egg-multipart@2.10.2@egg-multipart/app/schedule/clean_tmpdir.js
2020-05-01 15:39:30,905 INFO 9306 [egg-schedule]: register schedule /Users/dezhizhang/Documents/project/link/node_modules/_egg-logrotator@3.1.0@egg-logrotator/app/schedule/clean_log.js
2020-05-01 15:39:30,905 INFO 9306 [egg-schedule]: register schedule /Users/dezhizhang/Documents/project/link/node_modules/_egg-logrotator@3.1.0@egg-logrotator/app/schedule/rotate_by_file.js
2020-05-01 15:52:05,856 INFO 9718 [egg-schedule]: register schedule /Users/dezhizhang/Documents/project/link/node_modules/_egg-multipart@2.10.2@egg-multipart/app/schedule/clean_tmpdir.js
2020-05-01 15:52:05,857 INFO 9718 [egg-schedule]: register schedule /Users/dezhizhang/Documents/project/link/node_modules/_egg-logrotator@3.1.0@egg-logrotator/app/schedule/clean_log.js
2020-05-01 15:52:05,857 INFO 9718 [egg-schedule]: register schedule /Users/dezhizhang/Documents/project/link/node_modules/_egg-logrotator@3.1.0@egg-logrotator/app/schedule/rotate_by_file.js
2020-05-01 15:52:24,714 INFO 9749 [egg-schedule]: register schedule /Users/dezhizhang/Documents/project/link/node_modules/_egg-multipart@2.10.2@egg-multipart/app/schedule/clean_tmpdir.js
2020-05-01 15:52:24,714 INFO 9749 [egg-schedule]: register schedule /Users/dezhizhang/Documents/project/link/node_modules/_egg-logrotator@3.1.0@egg-logrotator/app/schedule/clean_log.js
2020-05-01 15:52:24,714 INFO 9749 [egg-schedule]: register schedule /Users/dezhizhang/Documents/project/link/node_modules/_egg-logrotator@3.1.0@egg-logrotator/app/schedule/rotate_by_file.js
2020-05-01 15:54:16,616 INFO 9819 [egg-schedule]: register schedule /Users/dezhizhang/Documents/project/link/node_modules/_egg-multipart@2.10.2@egg-multipart/app/schedule/clean_tmpdir.js
2020-05-01 15:54:16,616 INFO 9819 [egg-schedule]: register schedule /Users/dezhizhang/Documents/project/link/node_modules/_egg-logrotator@3.1.0@egg-logrotator/app/schedule/clean_log.js
2020-05-01 15:54:16,616 INFO 9819 [egg-schedule]: register schedule /Users/dezhizhang/Documents/project/link/node_modules/_egg-logrotator@3.1.0@egg-logrotator/app/schedule/rotate_by_file.js
2020-05-03 12:21:29,424 INFO 8157 [egg-schedule]: register schedule /Users/dezhizhang/Documents/project/nutting/node_modules/_egg-multipart@2.10.2@egg-multipart/app/schedule/clean_tmpdir.js
2020-05-03 12:21:29,424 INFO 8157 [egg-schedule]: register schedule /Users/dezhizhang/Documents/project/nutting/node_modules/_egg-logrotator@3.1.0@egg-logrotator/app/schedule/clean_log.js
2020-05-03 12:21:29,424 INFO 8157 [egg-schedule]: register schedule /Users/dezhizhang/Documents/project/nutting/node_modules/_egg-logrotator@3.1.0@egg-logrotator/app/schedule/rotate_by_file.js
2020-05-03 12:21:30,475 INFO 8156 [Timer] /Users/dezhizhang/Documents/project/nutting/node_modules/_egg-multipart@2.10.2@egg-multipart/app/schedule/clean_tmpdir.js next time will execute after 58109527ms at 2020-05-04 04:30:00.002
2020-05-03 12:21:30,475 INFO 8156 [Timer] /Users/dezhizhang/Documents/project/nutting/node_modules/_egg-logrotator@3.1.0@egg-logrotator/app/schedule/clean_log.js next time will execute after 41909525ms at 2020-05-04 00:00:00.000
2020-05-03 12:21:30,476 INFO 8156 [Timer] /Users/dezhizhang/Documents/project/nutting/node_modules/_egg-logrotator@3.1.0@egg-logrotator/app/schedule/rotate_by_file.js next time will execute after 41910525ms at 2020-05-04 00:00:01.001
2020-05-03 12:29:09,430 INFO 8529 [egg-schedule]: register schedule /Users/dezhizhang/Documents/project/nutting/node_modules/_egg-multipart@2.10.2@egg-multipart/app/schedule/clean_tmpdir.js
2020-05-03 12:29:09,430 INFO 8529 [egg-schedule]: register schedule /Users/dezhizhang/Documents/project/nutting/node_modules/_egg-logrotator@3.1.0@egg-logrotator/app/schedule/clean_log.js
2020-05-03 12:29:09,430 INFO 8529 [egg-schedule]: register schedule /Users/dezhizhang/Documents/project/nutting/node_modules/_egg-logrotator@3.1.0@egg-logrotator/app/schedule/rotate_by_file.js
2020-05-03 12:29:10,948 INFO 8539 [egg-schedule]: register schedule /Users/dezhizhang/Documents/project/nutting/node_modules/_egg-multipart@2.10.2@egg-multipart/app/schedule/clean_tmpdir.js
2020-05-03 12:29:10,948 INFO 8539 [egg-schedule]: register schedule /Users/dezhizhang/Documents/project/nutting/node_modules/_egg-logrotator@3.1.0@egg-logrotator/app/schedule/clean_log.js
2020-05-03 12:29:10,948 INFO 8539 [egg-schedule]: register schedule /Users/dezhizhang/Documents/project/nutting/node_modules/_egg-logrotator@3.1.0@egg-logrotator/app/schedule/rotate_by_file.js
