2020-05-01 10:02:51,296 ERROR 815 [-/127.0.0.1/-/0ms GET /] nodejs.MongoNetworkError: [egg-mongoose]failed to connect to server [127.0.0.1:27017] on first connect [Error: connect ECONNREFUSED 127.0.0.1:27017
    at TCPConnectWrap.afterConnect [as oncomplete] (net.js:1137:16) {
  name: 'MongoNetworkError',
  [Symbol(mongoErrorContextSymbol)]: {}
}]
    at TCPConnectWrap.afterConnect [as oncomplete] (net.js:1137:16) {
  name: 'MongoNetworkError',
  [Symbol(mongoErrorContextSymbol)]: {}
}]
    at Pool.<anonymous> (/Users/dezhizhang/Documents/project/link/node_modules/_mongodb@3.5.5@mongodb/lib/core/topologies/server.js:438:11)
    at Pool.emit (events.js:311:20)
    at /Users/dezhizhang/Documents/project/link/node_modules/_mongodb@3.5.5@mongodb/lib/core/connection/pool.js:561:14
    at /Users/dezhizhang/Documents/project/link/node_modules/_mongodb@3.5.5@mongodb/lib/core/connection/pool.js:994:11
    at /Users/dezhizhang/Documents/project/link/node_modules/_mongodb@3.5.5@mongodb/lib/core/connection/connect.js:31:7
    at callback (/Users/dezhizhang/Documents/project/link/node_modules/_mongodb@3.5.5@mongodb/lib/core/connection/connect.js:264:5)
    at Socket.<anonymous> (/Users/dezhizhang/Documents/project/link/node_modules/_mongodb@3.5.5@mongodb/lib/core/connection/connect.js:294:7)
    at Object.onceWrapper (events.js:418:26)
    at Socket.emit (events.js:311:20)
    at emitErrorNT (internal/streams/destroy.js:92:8)
    at emitErrorAndCloseNT (internal/streams/destroy.js:60:3)
    at processTicksAndRejections (internal/process/task_queues.js:84:21)
name: "MongoNetworkError"
pid: 815
hostname: dezhizhangdeMBP

2020-05-01 12:11:23,029 ERROR 3883 [-/127.0.0.1/-/1ms GET /public/default/img/5c21ff6e50343.png] nodejs.ENOENTError: ENOENT: no such file or directory, stat '/Users/dezhizhang/Documents/project/link/app/public/default/img/5c21ff6e50343.png'
ENOENTError: ENOENT: no such file or directory, stat '/Users/dezhizhang/Documents/project/link/app/public/default/img/5c21ff6e50343.png'
errno: -2
code: "ENOENT"
syscall: "stat"
path: "/Users/dezhizhang/Documents/project/link/app/public/default/img/5c21ff6e50343.png"
name: "ENOENTError"
pid: 3883
hostname: dezhizhangdeMBP

2020-05-01 12:11:23,077 ERROR 3883 [-/127.0.0.1/-/2ms GET /public/default/img/5c22002198f44.png] nodejs.ENOENTError: ENOENT: no such file or directory, stat '/Users/dezhizhang/Documents/project/link/app/public/default/img/5c22002198f44.png'
ENOENTError: ENOENT: no such file or directory, stat '/Users/dezhizhang/Documents/project/link/app/public/default/img/5c22002198f44.png'
errno: -2
code: "ENOENT"
syscall: "stat"
path: "/Users/dezhizhang/Documents/project/link/app/public/default/img/5c22002198f44.png"
name: "ENOENTError"
pid: 3883
hostname: dezhizhangdeMBP

2020-05-01 12:11:23,080 ERROR 3883 [-/127.0.0.1/-/4ms GET /public/default/img/5c11d5f3835f5.jpg] nodejs.ENOENTError: ENOENT: no such file or directory, stat '/Users/dezhizhang/Documents/project/link/app/public/default/img/5c11d5f3835f5.jpg'
ENOENTError: ENOENT: no such file or directory, stat '/Users/dezhizhang/Documents/project/link/app/public/default/img/5c11d5f3835f5.jpg'
errno: -2
code: "ENOENT"
syscall: "stat"
path: "/Users/dezhizhang/Documents/project/link/app/public/default/img/5c11d5f3835f5.jpg"
name: "ENOENTError"
pid: 3883
hostname: dezhizhangdeMBP

2020-05-01 12:11:23,084 ERROR 3883 [-/127.0.0.1/-/8ms GET /public/default/img/5c220058dfa20.png] nodejs.ENOENTError: ENOENT: no such file or directory, stat '/Users/dezhizhang/Documents/project/link/app/public/default/img/5c220058dfa20.png'
ENOENTError: ENOENT: no such file or directory, stat '/Users/dezhizhang/Documents/project/link/app/public/default/img/5c220058dfa20.png'
errno: -2
code: "ENOENT"
syscall: "stat"
path: "/Users/dezhizhang/Documents/project/link/app/public/default/img/5c220058dfa20.png"
name: "ENOENTError"
pid: 3883
hostname: dezhizhangdeMBP

2020-05-01 12:11:23,089 ERROR 3883 [-/127.0.0.1/-/13ms GET /public/default/img/5bf7c440ca9cc.png] nodejs.ENOENTError: ENOENT: no such file or directory, stat '/Users/dezhizhang/Documents/project/link/app/public/default/img/5bf7c440ca9cc.png'
ENOENTError: ENOENT: no such file or directory, stat '/Users/dezhizhang/Documents/project/link/app/public/default/img/5bf7c440ca9cc.png'
errno: -2
code: "ENOENT"
syscall: "stat"
path: "/Users/dezhizhang/Documents/project/link/app/public/default/img/5bf7c440ca9cc.png"
name: "ENOENTError"
pid: 3883
hostname: dezhizhangdeMBP

2020-05-01 12:38:49,754 ERROR 5939 [-/127.0.0.1/-/14ms POST /admin/picture/doAdd] nodejs.ReferenceError: ctx is not defined
    at PictureController.doAdd (/Users/dezhizhang/Documents/project/link/app/controller/admin/picture.js:39:22)
    at processTicksAndRejections (internal/process/task_queues.js:97:5)
    at async auth (/Users/dezhizhang/Documents/project/link/app/middleware/auth.js:13:13)
    at async /Users/dezhizhang/Documents/project/link/node_modules/_egg-development@2.4.3@egg-development/app/middleware/egg_loader_trace.js:9:50
    at async xframe (/Users/dezhizhang/Documents/project/link/node_modules/_egg-security@2.7.1@egg-security/lib/middlewares/xframe.js:7:5)
    at async xssProtection (/Users/dezhizhang/Documents/project/link/node_modules/_egg-security@2.7.1@egg-security/lib/middlewares/xssProtection.js:7:5)
    at async nosniff (/Users/dezhizhang/Documents/project/link/node_modules/_egg-security@2.7.1@egg-security/lib/middlewares/nosniff.js:8:5)
    at async noopen (/Users/dezhizhang/Documents/project/link/node_modules/_egg-security@2.7.1@egg-security/lib/middlewares/noopen.js:8:5)
    at async session (/Users/dezhizhang/Documents/project/link/node_modules/_koa-session@5.13.1@koa-session/index.js:41:7)
    at async bodyParser (/Users/dezhizhang/Documents/project/link/node_modules/_koa-bodyparser@4.3.0@koa-bodyparser/index.js:95:5)
    at async /Users/dezhizhang/Documents/project/link/node_modules/_koa-static-cache@5.1.2@koa-static-cache/index.js:51:63
    at async notfound (/Users/dezhizhang/Documents/project/link/node_modules/_egg@2.26.0@egg/app/middleware/notfound.js:5:5)
    at async meta (/Users/dezhizhang/Documents/project/link/node_modules/_egg@2.26.0@egg/app/middleware/meta.js:12:5)

pid: 5939
hostname: dezhizhangdeMBP

2020-05-01 12:39:07,043 ERROR 5982 [-/127.0.0.1/-/22ms POST /admin/picture/doAdd] nodejs.TypeError: the multipart request can't be consumed twice
    at Object.multipart (/Users/dezhizhang/Documents/project/link/node_modules/_egg-multipart@2.10.2@egg-multipart/app/extend/context.js:168:35)
    at Object.getFileStream (/Users/dezhizhang/Documents/project/link/node_modules/_egg-multipart@2.10.2@egg-multipart/app/extend/context.js:206:24)
    at utilsService.uploadFiles (/Users/dezhizhang/Documents/project/link/app/service/utils.js:23:30)
    at PictureController.doAdd (/Users/dezhizhang/Documents/project/link/app/controller/admin/picture.js:39:51)
    at processTicksAndRejections (internal/process/task_queues.js:97:5)
    at async auth (/Users/dezhizhang/Documents/project/link/app/middleware/auth.js:13:13)
    at async /Users/dezhizhang/Documents/project/link/node_modules/_egg-development@2.4.3@egg-development/app/middleware/egg_loader_trace.js:9:50
    at async xframe (/Users/dezhizhang/Documents/project/link/node_modules/_egg-security@2.7.1@egg-security/lib/middlewares/xframe.js:7:5)
    at async xssProtection (/Users/dezhizhang/Documents/project/link/node_modules/_egg-security@2.7.1@egg-security/lib/middlewares/xssProtection.js:7:5)
    at async nosniff (/Users/dezhizhang/Documents/project/link/node_modules/_egg-security@2.7.1@egg-security/lib/middlewares/nosniff.js:8:5)
    at async noopen (/Users/dezhizhang/Documents/project/link/node_modules/_egg-security@2.7.1@egg-security/lib/middlewares/noopen.js:8:5)
    at async session (/Users/dezhizhang/Documents/project/link/node_modules/_koa-session@5.13.1@koa-session/index.js:41:7)
    at async bodyParser (/Users/dezhizhang/Documents/project/link/node_modules/_koa-bodyparser@4.3.0@koa-bodyparser/index.js:95:5)
    at async /Users/dezhizhang/Documents/project/link/node_modules/_koa-static-cache@5.1.2@koa-static-cache/index.js:51:63
    at async notfound (/Users/dezhizhang/Documents/project/link/node_modules/_egg@2.26.0@egg/app/middleware/notfound.js:5:5)
    at async meta (/Users/dezhizhang/Documents/project/link/node_modules/_egg@2.26.0@egg/app/middleware/meta.js:12:5)

pid: 5982
hostname: dezhizhangdeMBP

2020-05-01 12:40:01,539 ERROR 5982 [-/127.0.0.1/-/7ms POST /admin/picture/doAdd] nodejs.TypeError: the multipart request can't be consumed twice
    at Object.multipart (/Users/dezhizhang/Documents/project/link/node_modules/_egg-multipart@2.10.2@egg-multipart/app/extend/context.js:168:35)
    at Object.getFileStream (/Users/dezhizhang/Documents/project/link/node_modules/_egg-multipart@2.10.2@egg-multipart/app/extend/context.js:206:24)
    at utilsService.uploadFiles (/Users/dezhizhang/Documents/project/link/app/service/utils.js:23:30)
    at PictureController.doAdd (/Users/dezhizhang/Documents/project/link/app/controller/admin/picture.js:39:51)
    at processTicksAndRejections (internal/process/task_queues.js:97:5)
    at async auth (/Users/dezhizhang/Documents/project/link/app/middleware/auth.js:13:13)
    at async /Users/dezhizhang/Documents/project/link/node_modules/_egg-development@2.4.3@egg-development/app/middleware/egg_loader_trace.js:9:50
    at async xframe (/Users/dezhizhang/Documents/project/link/node_modules/_egg-security@2.7.1@egg-security/lib/middlewares/xframe.js:7:5)
    at async xssProtection (/Users/dezhizhang/Documents/project/link/node_modules/_egg-security@2.7.1@egg-security/lib/middlewares/xssProtection.js:7:5)
    at async nosniff (/Users/dezhizhang/Documents/project/link/node_modules/_egg-security@2.7.1@egg-security/lib/middlewares/nosniff.js:8:5)
    at async noopen (/Users/dezhizhang/Documents/project/link/node_modules/_egg-security@2.7.1@egg-security/lib/middlewares/noopen.js:8:5)
    at async session (/Users/dezhizhang/Documents/project/link/node_modules/_koa-session@5.13.1@koa-session/index.js:41:7)
    at async bodyParser (/Users/dezhizhang/Documents/project/link/node_modules/_koa-bodyparser@4.3.0@koa-bodyparser/index.js:95:5)
    at async /Users/dezhizhang/Documents/project/link/node_modules/_koa-static-cache@5.1.2@koa-static-cache/index.js:51:63
    at async notfound (/Users/dezhizhang/Documents/project/link/node_modules/_egg@2.26.0@egg/app/middleware/notfound.js:5:5)
    at async meta (/Users/dezhizhang/Documents/project/link/node_modules/_egg@2.26.0@egg/app/middleware/meta.js:12:5)

pid: 5982
hostname: dezhizhangdeMBP

2020-05-01 14:51:00,253 ERROR 6047 [-/127.0.0.1/-/20ms GET /] nodejs.SyntaxError: Invalid or unexpected token in /Users/dezhizhang/Documents/project/link/app/view/default/index.html while compiling ejs

If the above error is not helpful, you may want to try EJS-Lint:
https://github.com/RyanZim/EJS-Lint
Or, if you meant to create an async function, pass `async: true` as an option.

If the above error is not helpful, you may want to try EJS-Lint:
https://github.com/RyanZim/EJS-Lint
Or, if you meant to create an async function, pass `async: true` as an option.
    at new Function (<anonymous>)
    at Template.compile (/Users/dezhizhang/Documents/project/link/node_modules/_ejs@2.7.4@ejs/lib/ejs.js:652:12)
    at Object.compile (/Users/dezhizhang/Documents/project/link/node_modules/_ejs@2.7.4@ejs/lib/ejs.js:392:16)
    at handleCache (/Users/dezhizhang/Documents/project/link/node_modules/_ejs@2.7.4@ejs/lib/ejs.js:215:18)
    at tryHandleCache (/Users/dezhizhang/Documents/project/link/node_modules/_ejs@2.7.4@ejs/lib/ejs.js:254:16)
    at Object.exports.renderFile (/Users/dezhizhang/Documents/project/link/node_modules/_ejs@2.7.4@ejs/lib/ejs.js:485:10)
    at /Users/dezhizhang/Documents/project/link/node_modules/_egg-view-ejs@2.0.1@egg-view-ejs/lib/view.js:16:11
    at new Promise (<anonymous>)
    at EjsView.[EjsView#_render] (/Users/dezhizhang/Documents/project/link/node_modules/_egg-view-ejs@2.0.1@egg-view-ejs/lib/view.js:15:12)
    at EjsView.render (/Users/dezhizhang/Documents/project/link/node_modules/_egg-view-ejs@2.0.1@egg-view-ejs/lib/view.js:28:36)
    at ContextView.[contextView#render] (/Users/dezhizhang/Documents/project/link/node_modules/_egg-view@2.1.2@egg-view/lib/context_view.js:70:23)
    at async HomeController.index (/Users/dezhizhang/Documents/project/link/app/controller/default/home.js:11:5)
    at async /Users/dezhizhang/Documents/project/link/node_modules/_egg-development@2.4.3@egg-development/app/middleware/egg_loader_trace.js:9:50
    at async xframe (/Users/dezhizhang/Documents/project/link/node_modules/_egg-security@2.7.1@egg-security/lib/middlewares/xframe.js:7:5)
    at async xssProtection (/Users/dezhizhang/Documents/project/link/node_modules/_egg-security@2.7.1@egg-security/lib/middlewares/xssProtection.js:7:5)
    at async nosniff (/Users/dezhizhang/Documents/project/link/node_modules/_egg-security@2.7.1@egg-security/lib/middlewares/nosniff.js:8:5)

pid: 6047
hostname: dezhizhangdeMBP

2020-05-01 14:51:25,394 ERROR 6047 [-/127.0.0.1/-/13ms GET /] nodejs.SyntaxError: Invalid or unexpected token in /Users/dezhizhang/Documents/project/link/app/view/default/index.html while compiling ejs

If the above error is not helpful, you may want to try EJS-Lint:
https://github.com/RyanZim/EJS-Lint
Or, if you meant to create an async function, pass `async: true` as an option.

If the above error is not helpful, you may want to try EJS-Lint:
https://github.com/RyanZim/EJS-Lint
Or, if you meant to create an async function, pass `async: true` as an option.
    at new Function (<anonymous>)
    at Template.compile (/Users/dezhizhang/Documents/project/link/node_modules/_ejs@2.7.4@ejs/lib/ejs.js:652:12)
    at Object.compile (/Users/dezhizhang/Documents/project/link/node_modules/_ejs@2.7.4@ejs/lib/ejs.js:392:16)
    at handleCache (/Users/dezhizhang/Documents/project/link/node_modules/_ejs@2.7.4@ejs/lib/ejs.js:215:18)
    at tryHandleCache (/Users/dezhizhang/Documents/project/link/node_modules/_ejs@2.7.4@ejs/lib/ejs.js:254:16)
    at Object.exports.renderFile (/Users/dezhizhang/Documents/project/link/node_modules/_ejs@2.7.4@ejs/lib/ejs.js:485:10)
    at /Users/dezhizhang/Documents/project/link/node_modules/_egg-view-ejs@2.0.1@egg-view-ejs/lib/view.js:16:11
    at new Promise (<anonymous>)
    at EjsView.[EjsView#_render] (/Users/dezhizhang/Documents/project/link/node_modules/_egg-view-ejs@2.0.1@egg-view-ejs/lib/view.js:15:12)
    at EjsView.render (/Users/dezhizhang/Documents/project/link/node_modules/_egg-view-ejs@2.0.1@egg-view-ejs/lib/view.js:28:36)
    at ContextView.[contextView#render] (/Users/dezhizhang/Documents/project/link/node_modules/_egg-view@2.1.2@egg-view/lib/context_view.js:70:23)
    at async HomeController.index (/Users/dezhizhang/Documents/project/link/app/controller/default/home.js:11:5)
    at async /Users/dezhizhang/Documents/project/link/node_modules/_egg-development@2.4.3@egg-development/app/middleware/egg_loader_trace.js:9:50
    at async xframe (/Users/dezhizhang/Documents/project/link/node_modules/_egg-security@2.7.1@egg-security/lib/middlewares/xframe.js:7:5)
    at async xssProtection (/Users/dezhizhang/Documents/project/link/node_modules/_egg-security@2.7.1@egg-security/lib/middlewares/xssProtection.js:7:5)
    at async nosniff (/Users/dezhizhang/Documents/project/link/node_modules/_egg-security@2.7.1@egg-security/lib/middlewares/nosniff.js:8:5)

pid: 6047
hostname: dezhizhangdeMBP

2020-05-01 14:51:26,164 ERROR 6047 [-/127.0.0.1/-/12ms GET /] nodejs.SyntaxError: Invalid or unexpected token in /Users/dezhizhang/Documents/project/link/app/view/default/index.html while compiling ejs

If the above error is not helpful, you may want to try EJS-Lint:
https://github.com/RyanZim/EJS-Lint
Or, if you meant to create an async function, pass `async: true` as an option.

If the above error is not helpful, you may want to try EJS-Lint:
https://github.com/RyanZim/EJS-Lint
Or, if you meant to create an async function, pass `async: true` as an option.
    at new Function (<anonymous>)
    at Template.compile (/Users/dezhizhang/Documents/project/link/node_modules/_ejs@2.7.4@ejs/lib/ejs.js:652:12)
    at Object.compile (/Users/dezhizhang/Documents/project/link/node_modules/_ejs@2.7.4@ejs/lib/ejs.js:392:16)
    at handleCache (/Users/dezhizhang/Documents/project/link/node_modules/_ejs@2.7.4@ejs/lib/ejs.js:215:18)
    at tryHandleCache (/Users/dezhizhang/Documents/project/link/node_modules/_ejs@2.7.4@ejs/lib/ejs.js:254:16)
    at Object.exports.renderFile (/Users/dezhizhang/Documents/project/link/node_modules/_ejs@2.7.4@ejs/lib/ejs.js:485:10)
    at /Users/dezhizhang/Documents/project/link/node_modules/_egg-view-ejs@2.0.1@egg-view-ejs/lib/view.js:16:11
    at new Promise (<anonymous>)
    at EjsView.[EjsView#_render] (/Users/dezhizhang/Documents/project/link/node_modules/_egg-view-ejs@2.0.1@egg-view-ejs/lib/view.js:15:12)
    at EjsView.render (/Users/dezhizhang/Documents/project/link/node_modules/_egg-view-ejs@2.0.1@egg-view-ejs/lib/view.js:28:36)
    at ContextView.[contextView#render] (/Users/dezhizhang/Documents/project/link/node_modules/_egg-view@2.1.2@egg-view/lib/context_view.js:70:23)
    at async HomeController.index (/Users/dezhizhang/Documents/project/link/app/controller/default/home.js:11:5)
    at async /Users/dezhizhang/Documents/project/link/node_modules/_egg-development@2.4.3@egg-development/app/middleware/egg_loader_trace.js:9:50
    at async xframe (/Users/dezhizhang/Documents/project/link/node_modules/_egg-security@2.7.1@egg-security/lib/middlewares/xframe.js:7:5)
    at async xssProtection (/Users/dezhizhang/Documents/project/link/node_modules/_egg-security@2.7.1@egg-security/lib/middlewares/xssProtection.js:7:5)
    at async nosniff (/Users/dezhizhang/Documents/project/link/node_modules/_egg-security@2.7.1@egg-security/lib/middlewares/nosniff.js:8:5)

pid: 6047
hostname: dezhizhangdeMBP

2020-05-01 15:22:51,959 ERROR 6047 [-/127.0.0.1/-/6ms GET /activity] nodejs.ReferenceError: /Users/dezhizhang/Documents/project/link/app/view/default/index.html:19
    17|             </a>
    18|             </li>
 >> 19|             <%for(let i=0;i < focus.length;i++){%>
    20|                 <li><a href="" style="background: url('<%=focus[i].img%>') no-repeat center; background-size: cover;"></a></li>
    21|             <%}%>
    22|         </ul>

focus is not defined
    17|             </a>
    18|             </li>
 >> 19|             <%for(let i=0;i < focus.length;i++){%>
    20|                 <li><a href="" style="background: url('<%=focus[i].img%>') no-repeat center; background-size: cover;"></a></li>
    21|             <%}%>
    22|         </ul>

focus is not defined
    at eval (/Users/dezhizhang/Documents/project/link/app/view/default/index.html:21:23)
    at index (/Users/dezhizhang/Documents/project/link/node_modules/_ejs@2.7.4@ejs/lib/ejs.js:682:17)
    at tryHandleCache (/Users/dezhizhang/Documents/project/link/node_modules/_ejs@2.7.4@ejs/lib/ejs.js:254:36)
    at Object.exports.renderFile (/Users/dezhizhang/Documents/project/link/node_modules/_ejs@2.7.4@ejs/lib/ejs.js:485:10)
    at /Users/dezhizhang/Documents/project/link/node_modules/_egg-view-ejs@2.0.1@egg-view-ejs/lib/view.js:16:11
    at new Promise (<anonymous>)
    at EjsView.[EjsView#_render] (/Users/dezhizhang/Documents/project/link/node_modules/_egg-view-ejs@2.0.1@egg-view-ejs/lib/view.js:15:12)
    at EjsView.render (/Users/dezhizhang/Documents/project/link/node_modules/_egg-view-ejs@2.0.1@egg-view-ejs/lib/view.js:28:36)
    at ContextView.[contextView#render] (/Users/dezhizhang/Documents/project/link/node_modules/_egg-view@2.1.2@egg-view/lib/context_view.js:70:23)
    at async ActivityController.index (/Users/dezhizhang/Documents/project/link/app/controller/default/activity.js:7:6)
    at async /Users/dezhizhang/Documents/project/link/node_modules/_egg-development@2.4.3@egg-development/app/middleware/egg_loader_trace.js:9:50
    at async xframe (/Users/dezhizhang/Documents/project/link/node_modules/_egg-security@2.7.1@egg-security/lib/middlewares/xframe.js:7:5)
    at async xssProtection (/Users/dezhizhang/Documents/project/link/node_modules/_egg-security@2.7.1@egg-security/lib/middlewares/xssProtection.js:7:5)
    at async nosniff (/Users/dezhizhang/Documents/project/link/node_modules/_egg-security@2.7.1@egg-security/lib/middlewares/nosniff.js:8:5)
    at async noopen (/Users/dezhizhang/Documents/project/link/node_modules/_egg-security@2.7.1@egg-security/lib/middlewares/noopen.js:8:5)
    at async session (/Users/dezhizhang/Documents/project/link/node_modules/_koa-session@5.13.1@koa-session/index.js:41:7)
path: "/Users/dezhizhang/Documents/project/link/app/view/default/index.html"
pid: 6047
hostname: dezhizhangdeMBP

2020-05-01 15:30:09,793 ERROR 6047 [-/127.0.0.1/-/6ms GET /detail?id=5eab9403e6c12505bbba1a8a] nodejs.ReferenceError: /Users/dezhizhang/Documents/project/link/app/view/default/detail.html:48
    46| 			<div class="content-i-r show-conent-box-shadow">
    47| 				<div class="show-pic-operate">
 >> 48| 					<a href="<%=list[i].img%>" data-id="eelvulkzlp" title="下载透明PNG" class="p-down-operate operate-shadow log-cl" style="width: 126px;">下载图片</a><a href="javascript:void(0);" data-id="eelvulkzlp" title="收藏" class="p-keep-operate operate-shadow p-unkeep log-cl">收藏</a>
    49| 				</div>
    50| 				<div class="pic-share">
    51| 					<p class="show-cr-title">

i is not defined
    46| 			<div class="content-i-r show-conent-box-shadow">
    47| 				<div class="show-pic-operate">
 >> 48| 					<a href="<%=list[i].img%>" data-id="eelvulkzlp" title="下载透明PNG" class="p-down-operate operate-shadow log-cl" style="width: 126px;">下载图片</a><a href="javascript:void(0);" data-id="eelvulkzlp" title="收藏" class="p-keep-operate operate-shadow p-unkeep log-cl">收藏</a>
    49| 				</div>
    50| 				<div class="pic-share">
    51| 					<p class="show-cr-title">

i is not defined
    at eval (/Users/dezhizhang/Documents/project/link/app/view/default/detail.html:32:30)
    at detail (/Users/dezhizhang/Documents/project/link/node_modules/_ejs@2.7.4@ejs/lib/ejs.js:682:17)
    at tryHandleCache (/Users/dezhizhang/Documents/project/link/node_modules/_ejs@2.7.4@ejs/lib/ejs.js:254:36)
    at Object.exports.renderFile (/Users/dezhizhang/Documents/project/link/node_modules/_ejs@2.7.4@ejs/lib/ejs.js:485:10)
    at /Users/dezhizhang/Documents/project/link/node_modules/_egg-view-ejs@2.0.1@egg-view-ejs/lib/view.js:16:11
    at new Promise (<anonymous>)
    at EjsView.[EjsView#_render] (/Users/dezhizhang/Documents/project/link/node_modules/_egg-view-ejs@2.0.1@egg-view-ejs/lib/view.js:15:12)
    at EjsView.render (/Users/dezhizhang/Documents/project/link/node_modules/_egg-view-ejs@2.0.1@egg-view-ejs/lib/view.js:28:36)
    at ContextView.[contextView#render] (/Users/dezhizhang/Documents/project/link/node_modules/_egg-view@2.1.2@egg-view/lib/context_view.js:70:23)
    at async DetailController.index (/Users/dezhizhang/Documents/project/link/app/controller/default/detail.js:12:13)
    at async /Users/dezhizhang/Documents/project/link/node_modules/_egg-development@2.4.3@egg-development/app/middleware/egg_loader_trace.js:9:50
    at async xframe (/Users/dezhizhang/Documents/project/link/node_modules/_egg-security@2.7.1@egg-security/lib/middlewares/xframe.js:7:5)
    at async xssProtection (/Users/dezhizhang/Documents/project/link/node_modules/_egg-security@2.7.1@egg-security/lib/middlewares/xssProtection.js:7:5)
    at async nosniff (/Users/dezhizhang/Documents/project/link/node_modules/_egg-security@2.7.1@egg-security/lib/middlewares/nosniff.js:8:5)
    at async noopen (/Users/dezhizhang/Documents/project/link/node_modules/_egg-security@2.7.1@egg-security/lib/middlewares/noopen.js:8:5)
    at async session (/Users/dezhizhang/Documents/project/link/node_modules/_koa-session@5.13.1@koa-session/index.js:41:7)
path: "/Users/dezhizhang/Documents/project/link/app/view/default/detail.html"
pid: 6047
hostname: dezhizhangdeMBP

2020-05-01 15:39:00,631 ERROR 6047 [-/127.0.0.1/-/4ms GET /activity] nodejs.ReferenceError: /Users/dezhizhang/Documents/project/link/app/view/default/index.html:19
    17|             </a>
    18|             </li>
 >> 19|             <%for(let i=0;i < focus.length;i++){%>
    20|                 <li><a href="" style="background: url('<%=focus[i].img%>') no-repeat center; background-size: cover;"></a></li>
    21|             <%}%>
    22|         </ul>

focus is not defined
    17|             </a>
    18|             </li>
 >> 19|             <%for(let i=0;i < focus.length;i++){%>
    20|                 <li><a href="" style="background: url('<%=focus[i].img%>') no-repeat center; background-size: cover;"></a></li>
    21|             <%}%>
    22|         </ul>

focus is not defined
    at eval (/Users/dezhizhang/Documents/project/link/app/view/default/index.html:21:23)
    at index (/Users/dezhizhang/Documents/project/link/node_modules/_ejs@2.7.4@ejs/lib/ejs.js:682:17)
    at tryHandleCache (/Users/dezhizhang/Documents/project/link/node_modules/_ejs@2.7.4@ejs/lib/ejs.js:254:36)
    at Object.exports.renderFile (/Users/dezhizhang/Documents/project/link/node_modules/_ejs@2.7.4@ejs/lib/ejs.js:485:10)
    at /Users/dezhizhang/Documents/project/link/node_modules/_egg-view-ejs@2.0.1@egg-view-ejs/lib/view.js:16:11
    at new Promise (<anonymous>)
    at EjsView.[EjsView#_render] (/Users/dezhizhang/Documents/project/link/node_modules/_egg-view-ejs@2.0.1@egg-view-ejs/lib/view.js:15:12)
    at EjsView.render (/Users/dezhizhang/Documents/project/link/node_modules/_egg-view-ejs@2.0.1@egg-view-ejs/lib/view.js:28:36)
    at ContextView.[contextView#render] (/Users/dezhizhang/Documents/project/link/node_modules/_egg-view@2.1.2@egg-view/lib/context_view.js:70:23)
    at async ActivityController.index (/Users/dezhizhang/Documents/project/link/app/controller/default/activity.js:7:6)
    at async /Users/dezhizhang/Documents/project/link/node_modules/_egg-development@2.4.3@egg-development/app/middleware/egg_loader_trace.js:9:50
    at async xframe (/Users/dezhizhang/Documents/project/link/node_modules/_egg-security@2.7.1@egg-security/lib/middlewares/xframe.js:7:5)
    at async xssProtection (/Users/dezhizhang/Documents/project/link/node_modules/_egg-security@2.7.1@egg-security/lib/middlewares/xssProtection.js:7:5)
    at async nosniff (/Users/dezhizhang/Documents/project/link/node_modules/_egg-security@2.7.1@egg-security/lib/middlewares/nosniff.js:8:5)
    at async noopen (/Users/dezhizhang/Documents/project/link/node_modules/_egg-security@2.7.1@egg-security/lib/middlewares/noopen.js:8:5)
    at async session (/Users/dezhizhang/Documents/project/link/node_modules/_koa-session@5.13.1@koa-session/index.js:41:7)
path: "/Users/dezhizhang/Documents/project/link/app/view/default/index.html"
pid: 6047
hostname: dezhizhangdeMBP

2020-05-01 15:43:13,764 ERROR 9306 [-/127.0.0.1/-/7ms GET /activity] nodejs.ReferenceError: /Users/dezhizhang/Documents/project/link/app/view/default/index.html:19
    17|             </a>
    18|             </li>
 >> 19|             <%for(let i=0;i < focus.length;i++){%>
    20|                 <li><a href="" style="background: url('<%=focus[i].img%>') no-repeat center; background-size: cover;"></a></li>
    21|             <%}%>
    22|         </ul>

focus is not defined
    17|             </a>
    18|             </li>
 >> 19|             <%for(let i=0;i < focus.length;i++){%>
    20|                 <li><a href="" style="background: url('<%=focus[i].img%>') no-repeat center; background-size: cover;"></a></li>
    21|             <%}%>
    22|         </ul>

focus is not defined
    at eval (/Users/dezhizhang/Documents/project/link/app/view/default/index.html:21:23)
    at index (/Users/dezhizhang/Documents/project/link/node_modules/_ejs@2.7.4@ejs/lib/ejs.js:682:17)
    at tryHandleCache (/Users/dezhizhang/Documents/project/link/node_modules/_ejs@2.7.4@ejs/lib/ejs.js:254:36)
    at Object.exports.renderFile (/Users/dezhizhang/Documents/project/link/node_modules/_ejs@2.7.4@ejs/lib/ejs.js:485:10)
    at /Users/dezhizhang/Documents/project/link/node_modules/_egg-view-ejs@2.0.1@egg-view-ejs/lib/view.js:16:11
    at new Promise (<anonymous>)
    at EjsView.[EjsView#_render] (/Users/dezhizhang/Documents/project/link/node_modules/_egg-view-ejs@2.0.1@egg-view-ejs/lib/view.js:15:12)
    at EjsView.render (/Users/dezhizhang/Documents/project/link/node_modules/_egg-view-ejs@2.0.1@egg-view-ejs/lib/view.js:28:36)
    at ContextView.[contextView#render] (/Users/dezhizhang/Documents/project/link/node_modules/_egg-view@2.1.2@egg-view/lib/context_view.js:70:23)
    at async ActivityController.index (/Users/dezhizhang/Documents/project/link/app/controller/default/activity.js:7:5)
    at async /Users/dezhizhang/Documents/project/link/node_modules/_egg-development@2.4.3@egg-development/app/middleware/egg_loader_trace.js:9:50
    at async xframe (/Users/dezhizhang/Documents/project/link/node_modules/_egg-security@2.7.1@egg-security/lib/middlewares/xframe.js:7:5)
    at async xssProtection (/Users/dezhizhang/Documents/project/link/node_modules/_egg-security@2.7.1@egg-security/lib/middlewares/xssProtection.js:7:5)
    at async nosniff (/Users/dezhizhang/Documents/project/link/node_modules/_egg-security@2.7.1@egg-security/lib/middlewares/nosniff.js:8:5)
    at async noopen (/Users/dezhizhang/Documents/project/link/node_modules/_egg-security@2.7.1@egg-security/lib/middlewares/noopen.js:8:5)
    at async session (/Users/dezhizhang/Documents/project/link/node_modules/_koa-session@5.13.1@koa-session/index.js:41:7)
path: "/Users/dezhizhang/Documents/project/link/app/view/default/index.html"
pid: 9306
hostname: dezhizhangdeMBP

2020-05-01 15:43:30,895 ERROR 9306 [-/127.0.0.1/-/4ms GET /activity] nodejs.ReferenceError: /Users/dezhizhang/Documents/project/link/app/view/default/index.html:19
    17|             </a>
    18|             </li>
 >> 19|             <%for(let i=0;i < focus.length;i++){%>
    20|                 <li><a href="" style="background: url('<%=focus[i].img%>') no-repeat center; background-size: cover;"></a></li>
    21|             <%}%>
    22|         </ul>

focus is not defined
    17|             </a>
    18|             </li>
 >> 19|             <%for(let i=0;i < focus.length;i++){%>
    20|                 <li><a href="" style="background: url('<%=focus[i].img%>') no-repeat center; background-size: cover;"></a></li>
    21|             <%}%>
    22|         </ul>

focus is not defined
    at eval (/Users/dezhizhang/Documents/project/link/app/view/default/index.html:21:23)
    at index (/Users/dezhizhang/Documents/project/link/node_modules/_ejs@2.7.4@ejs/lib/ejs.js:682:17)
    at tryHandleCache (/Users/dezhizhang/Documents/project/link/node_modules/_ejs@2.7.4@ejs/lib/ejs.js:254:36)
    at Object.exports.renderFile (/Users/dezhizhang/Documents/project/link/node_modules/_ejs@2.7.4@ejs/lib/ejs.js:485:10)
    at /Users/dezhizhang/Documents/project/link/node_modules/_egg-view-ejs@2.0.1@egg-view-ejs/lib/view.js:16:11
    at new Promise (<anonymous>)
    at EjsView.[EjsView#_render] (/Users/dezhizhang/Documents/project/link/node_modules/_egg-view-ejs@2.0.1@egg-view-ejs/lib/view.js:15:12)
    at EjsView.render (/Users/dezhizhang/Documents/project/link/node_modules/_egg-view-ejs@2.0.1@egg-view-ejs/lib/view.js:28:36)
    at ContextView.[contextView#render] (/Users/dezhizhang/Documents/project/link/node_modules/_egg-view@2.1.2@egg-view/lib/context_view.js:70:23)
    at async ActivityController.index (/Users/dezhizhang/Documents/project/link/app/controller/default/activity.js:7:5)
    at async /Users/dezhizhang/Documents/project/link/node_modules/_egg-development@2.4.3@egg-development/app/middleware/egg_loader_trace.js:9:50
    at async xframe (/Users/dezhizhang/Documents/project/link/node_modules/_egg-security@2.7.1@egg-security/lib/middlewares/xframe.js:7:5)
    at async xssProtection (/Users/dezhizhang/Documents/project/link/node_modules/_egg-security@2.7.1@egg-security/lib/middlewares/xssProtection.js:7:5)
    at async nosniff (/Users/dezhizhang/Documents/project/link/node_modules/_egg-security@2.7.1@egg-security/lib/middlewares/nosniff.js:8:5)
    at async noopen (/Users/dezhizhang/Documents/project/link/node_modules/_egg-security@2.7.1@egg-security/lib/middlewares/noopen.js:8:5)
    at async session (/Users/dezhizhang/Documents/project/link/node_modules/_koa-session@5.13.1@koa-session/index.js:41:7)
path: "/Users/dezhizhang/Documents/project/link/app/view/default/index.html"
pid: 9306
hostname: dezhizhangdeMBP

